  Battle.cpp
  BestConsoleGame.cpp
D:\VSFolder_Park\BestConsoleGame\BestConsoleGame\BestConsoleGame\BestConsoleGame.cpp(728,25): warning C4838: 'int'에서 'SHORT'(으)로의 변환에는 축소 변환이 필요합니다.
D:\VSFolder_Park\BestConsoleGame\BestConsoleGame\BestConsoleGame\BestConsoleGame.cpp(728,28): warning C4838: 'int'에서 'SHORT'(으)로의 변환에는 축소 변환이 필요합니다.
D:\VSFolder_Park\BestConsoleGame\BestConsoleGame\BestConsoleGame\BestConsoleGame.cpp(728,31): warning C4838: 'int'에서 'SHORT'(으)로의 변환에는 축소 변환이 필요합니다.
D:\VSFolder_Park\BestConsoleGame\BestConsoleGame\BestConsoleGame\BestConsoleGame.cpp(728,34): warning C4838: 'int'에서 'SHORT'(으)로의 변환에는 축소 변환이 필요합니다.
D:\VSFolder_Park\BestConsoleGame\BestConsoleGame\BestConsoleGame\BestConsoleGame.cpp(1193,64): warning C4267: '=': 'size_t'에서 'int'(으)로 변환하면서 데이터가 손실될 수 있습니다.
D:\VSFolder_Park\BestConsoleGame\BestConsoleGame\BestConsoleGame\BestConsoleGame.cpp(1473,43): warning C4838: 'int'에서 'SHORT'(으)로의 변환에는 축소 변환이 필요합니다.
D:\VSFolder_Park\BestConsoleGame\BestConsoleGame\BestConsoleGame\BestConsoleGame.cpp(1473,55): warning C4838: 'int'에서 'SHORT'(으)로의 변환에는 축소 변환이 필요합니다.
D:\VSFolder_Park\BestConsoleGame\BestConsoleGame\BestConsoleGame\BestConsoleGame.cpp(1477,26): warning C4838: 'int'에서 'SHORT'(으)로의 변환에는 축소 변환이 필요합니다.
D:\VSFolder_Park\BestConsoleGame\BestConsoleGame\BestConsoleGame\BestConsoleGame.cpp(1477,33): warning C4838: 'int'에서 'SHORT'(으)로의 변환에는 축소 변환이 필요합니다.
  Sound.cpp
  Utility.cpp
D:\VSFolder_Park\BestConsoleGame\BestConsoleGame\BestConsoleGame\Utility.cpp(6,19): warning C4838: 'int'에서 'SHORT'(으)로의 변환에는 축소 변환이 필요합니다.
D:\VSFolder_Park\BestConsoleGame\BestConsoleGame\BestConsoleGame\Utility.cpp(6,22): warning C4838: 'int'에서 'SHORT'(으)로의 변환에는 축소 변환이 필요합니다.
  input_Sys.cpp
  코드를 생성하고 있습니다...
  LINK : D:\VSFolder_Park\BestConsoleGame\BestConsoleGame\x64\Debug\BestConsoleGame.exe을(를) 찾을 수 없거나 마지막 증분 링크에 의해 빌드되지 않았습니다. 전체 링크를 수행하고 있습니다.
  BestConsoleGame.vcxproj -> D:\VSFolder_Park\BestConsoleGame\BestConsoleGame\x64\Debug\BestConsoleGame.exe
  0개 파일이 복사되었습니다.
